<?xml version="1.0" encoding="UTF-8"?>
<!-- Generated by org.testng.reporters.JUnitReportReporter -->
<testsuite hostname="MSI" failures="0" tests="1" name="com.mystore.testscripts.SearchResultPageTest" time="11.700" errors="0" timestamp="2024-08-01T21:59:17 IST" skipped="0">
  <testcase classname="com.mystore.testscripts.SearchResultPageTest" name="productAvailabilityTest" time="11.700"/>
</testsuite> <!-- com.mystore.testscripts.SearchResultPageTest -->
