<?xml version="1.0" encoding="UTF-8"?>
<!-- Generated by org.testng.reporters.JUnitReportReporter -->
<testsuite hostname="MSI" failures="0" tests="1" name="com.mystore.testscripts.AddToCartPageTest" time="15.556" errors="0" timestamp="2024-08-01T22:58:48 IST" skipped="0">
  <testcase classname="com.mystore.testscripts.AddToCartPageTest" name="addToCartTest" time="15.556"/>
</testsuite> <!-- com.mystore.testscripts.AddToCartPageTest -->
