<?xml version="1.0" encoding="UTF-8"?>
<!-- Generated by org.testng.reporters.JUnitReportReporter -->
<testsuite hostname="MSI" failures="0" tests="2" name="com.mystore.testscripts.IndexPageTest" time="0.077" errors="0" timestamp="2024-07-31T20:34:29 IST" skipped="0">
  <testcase classname="com.mystore.testscripts.IndexPageTest" name="verifyTitle" time="0.008"/>
  <testcase classname="com.mystore.testscripts.IndexPageTest" name="verifyLogo" time="0.069"/>
</testsuite> <!-- com.mystore.testscripts.IndexPageTest -->
