<?xml version="1.0" encoding="UTF-8"?>
<!-- Generated by org.testng.reporters.JUnitReportReporter -->
<testsuite hostname="MSI" failures="0" tests="1" name="com.mystore.testscripts.AccountCreationPage" time="14.982" errors="0" timestamp="2024-08-01T21:12:00 IST" skipped="0">
  <testcase classname="com.mystore.testscripts.AccountCreationPage" name="verifyCreateAcoountPageTest" time="14.982"/>
</testsuite> <!-- com.mystore.testscripts.AccountCreationPage -->
